<?xml version="1.0" encoding="UTF-8"?>
<!-- Generated by org.testng.reporters.JUnitReportReporter -->
<testsuite hostname="VGG-LT-566" failures="0" tests="4" name="functional.AddMedication" time="58.477" errors="0" timestamp="2024-06-07T14:25:51 PDT" skipped="0">
  <testcase classname="functional.AddMedication" name="Login" time="9.303"/>
  <testcase classname="functional.AddMedication" name="addMedication" time="20.263"/>
  <testcase classname="functional.AddMedication" name="SetMedReminder" time="27.177"/>
  <testcase classname="functional.AddMedication" name="ValidateReminderSet" time="1.734"/>
</testsuite> <!-- functional.AddMedication -->
