<?xml version="1.0" encoding="UTF-8"?>
<!-- Generated by org.testng.reporters.JUnitReportReporter -->
<testsuite hostname="VGG-LT-566" failures="0" tests="3" name="functional.LogProcedure" time="47.054" errors="0" timestamp="2024-06-07T18:16:49 PDT" skipped="0">
  <testcase classname="functional.LogProcedure" name="Login" time="9.482"/>
  <testcase classname="functional.LogProcedure" name="logProcedure" time="34.583"/>
  <testcase classname="functional.LogProcedure" name="ValidateProcedureLog" time="2.989"/>
</testsuite> <!-- functional.LogProcedure -->
