<?xml version="1.0" encoding="UTF-8"?>
<!-- Generated by org.testng.reporters.JUnitReportReporter -->
<testsuite hostname="VGG-LT-566" failures="0" tests="4" name="functional.AddMedication" time="55.385" errors="0" timestamp="2024-06-05T12:06:46 PDT" skipped="0">
  <testcase classname="functional.AddMedication" name="Login" time="8.395"/>
  <testcase classname="functional.AddMedication" name="addMedication" time="18.358"/>
  <testcase classname="functional.AddMedication" name="SetMedReminder" time="26.577"/>
  <testcase classname="functional.AddMedication" name="ValidateReminderSet" time="2.055"/>
</testsuite> <!-- functional.AddMedication -->
