<?xml version="1.0" encoding="UTF-8"?>
<!-- Generated by org.testng.reporters.JUnitReportReporter -->
<testsuite hostname="VGG-LT-566" failures="0" tests="3" name="functional.LogSymptoms" time="36.841" errors="0" timestamp="2024-06-07T14:44:17 PDT" skipped="0">
  <testcase classname="functional.LogSymptoms" name="Login" time="9.398"/>
  <testcase classname="functional.LogSymptoms" name="logSymptom" time="24.760"/>
  <testcase classname="functional.LogSymptoms" name="ValidateSymptomsLog" time="2.683"/>
</testsuite> <!-- functional.LogSymptoms -->
